[debug] [2023-05-17T10:50:01.256Z] ----------------------------------------------------------------------
[debug] [2023-05-17T10:50:01.258Z] Command:       C:\Program Files\nodejs\node.exe C:\Users\Csoko\AppData\Roaming\npm\node_modules\firebase-tools\lib\bin\firebase.js init
[debug] [2023-05-17T10:50:01.258Z] CLI Version:   12.0.1
[debug] [2023-05-17T10:50:01.258Z] Platform:      win32
[debug] [2023-05-17T10:50:01.259Z] Node Version:  v16.17.0
[debug] [2023-05-17T10:50:01.260Z] Time:          Wed May 17 2023 12:50:01 GMT+0200 (közép-európai nyári idő)
[debug] [2023-05-17T10:50:01.260Z] ----------------------------------------------------------------------
[debug] 
[debug] [2023-05-17T10:50:01.263Z] >>> [apiv2][query] GET https://firebase-public.firebaseio.com/cli.json [none]
[debug] [2023-05-17T10:50:01.284Z] > command requires scopes: ["email","openid","https://www.googleapis.com/auth/cloudplatformprojects.readonly","https://www.googleapis.com/auth/firebase","https://www.googleapis.com/auth/cloud-platform"]
[debug] [2023-05-17T10:50:01.284Z] > authorizing via signed-in user (mark.demeter3@gmail.com)
[info] 
     ######## #### ########  ######## ########     ###     ######  ########
     ##        ##  ##     ## ##       ##     ##  ##   ##  ##       ##
     ######    ##  ########  ######   ########  #########  ######  ######
     ##        ##  ##    ##  ##       ##     ## ##     ##       ## ##
     ##       #### ##     ## ######## ########  ##     ##  ######  ########

You're about to initialize a Firebase project in this directory:

  D:\Coding\Web dev\challenges\five-in-a-row\frontend

[debug] [2023-05-17T10:50:01.672Z] <<< [apiv2][status] GET https://firebase-public.firebaseio.com/cli.json 200
[debug] [2023-05-17T10:50:01.673Z] <<< [apiv2][body] GET https://firebase-public.firebaseio.com/cli.json {"cloudBuildErrorAfter":1594252800000,"cloudBuildWarnAfter":1590019200000,"defaultNode10After":1594252800000,"minVersion":"3.0.5","node8DeploysDisabledAfter":1613390400000,"node8RuntimeDisabledAfter":1615809600000,"node8WarnAfter":1600128000000}
